<?xml version="1.0" encoding="UTF-8"?><testsuite failures="1" name="cucumber.runtime.formatter.JUnitFormatter" skipped="0" tests="1" time="124.088598">
<testcase classname="Add Mult Employee" name="Manage Employees - View Employees" time="124.088598">
<failure message="org.openqa.selenium.WebDriverException: unknown error: Element &lt;button type=&quot;button&quot; id=&quot;btnModalSave&quot; class=&quot;btn btn-primary&quot;&gt;...&lt;/button&gt; is not clickable at point (980, 703). Other element would receive the click: &lt;form id=&quot;formEmployee&quot; class=&quot;form-horizontal form-label-left&quot; novalidate=&quot;novalidate&quot;&gt;...&lt;/form&gt;&#10;  (Session info: chrome=61.0.3163.100)&#10;  (Driver info: chromedriver=2.31.488763 (092de99f48a300323ecf8c2a4e2e7cab51de5ba8),platform=Windows NT 10.0.15063 x86_64) (WARNING: The server did not provide any stacktrace information)&#10;Command duration or timeout: 58 milliseconds&#10;Build info: version: '3.4.0', revision: 'unknown', time: 'unknown'&#10;System info: host: 'DESKTOP-3EKF22U', ip: '192.168.22.4', os.name: 'Windows 10', os.arch: 'amd64', os.version: '10.0', java.version: '1.8.0_144'&#10;Driver info: org.openqa.selenium.chrome.ChromeDriver&#10;Capabilities [{applicationCacheEnabled=false, rotatable=false, mobileEmulationEnabled=false, networkConnectionEnabled=false, chrome={chromedriverVersion=2.31.488763 (092de99f48a300323ecf8c2a4e2e7cab51de5ba8), userDataDir=C:\Users\JUDYAN~1\AppData\Local\Temp\scoped_dir12240_30387}, takesHeapSnapshot=true, pageLoadStrategy=normal, databaseEnabled=false, handlesAlerts=true, hasTouchScreen=false, version=61.0.3163.100, platform=XP, browserConnectionEnabled=false, nativeEvents=true, acceptSslCerts=true, locationContextEnabled=true, webStorageEnabled=true, browserName=chrome, takesScreenshot=true, javascriptEnabled=true, cssSelectorsEnabled=true, setWindowRect=true, unexpectedAlertBehaviour=}]&#10;Session ID: 6d75008151162e115bb1ecb791af04a5&#13;&#10;&#9;at sun.reflect.NativeConstructorAccessorImpl.newInstance0(Native Method)&#13;&#10;&#9;at sun.reflect.NativeConstructorAccessorImpl.newInstance(Unknown Source)&#13;&#10;&#9;at sun.reflect.DelegatingConstructorAccessorImpl.newInstance(Unknown Source)&#13;&#10;&#9;at java.lang.reflect.Constructor.newInstance(Unknown Source)&#13;&#10;&#9;at org.openqa.selenium.remote.ErrorHandler.createThrowable(ErrorHandler.java:215)&#13;&#10;&#9;at org.openqa.selenium.remote.ErrorHandler.throwIfResponseFailed(ErrorHandler.java:167)&#13;&#10;&#9;at org.openqa.selenium.remote.RemoteWebDriver.execute(RemoteWebDriver.java:671)&#13;&#10;&#9;at org.openqa.selenium.remote.RemoteWebElement.execute(RemoteWebElement.java:272)&#13;&#10;&#9;at org.openqa.selenium.remote.RemoteWebElement.click(RemoteWebElement.java:82)&#13;&#10;&#9;at stepDefinitionAskMsaAddMultEmp.TestAskMsaAddMultEmp.supply_all_required_fields_with_valid_values_multiple_times_and_click_Save(TestAskMsaAddMultEmp.java:88)&#13;&#10;&#9;at ✽.Then Supply all required fields with valid values multiple times and click Save(AddEmpMult.feature:12)&#13;&#10;"><![CDATA[Given Run Browser...........................................................passed
When Browser is up, load ASK MSA VIP login page.............................passed
Then Enter Username.........................................................passed
Then Enter Password.........................................................passed
Then Click Login button.....................................................passed
Then Click Employees dropdown...............................................passed
Then Click Employees........................................................passed
Then Click Add Employee button..............................................passed
Then Supply all required fields with valid values multiple times and click Save.failed
Then Close Browser..........................................................skipped

StackTrace:
org.openqa.selenium.WebDriverException: unknown error: Element <button type="button" id="btnModalSave" class="btn btn-primary">...</button> is not clickable at point (980, 703). Other element would receive the click: <form id="formEmployee" class="form-horizontal form-label-left" novalidate="novalidate">...</form>
  (Session info: chrome=61.0.3163.100)
  (Driver info: chromedriver=2.31.488763 (092de99f48a300323ecf8c2a4e2e7cab51de5ba8),platform=Windows NT 10.0.15063 x86_64) (WARNING: The server did not provide any stacktrace information)
Command duration or timeout: 58 milliseconds
Build info: version: '3.4.0', revision: 'unknown', time: 'unknown'
System info: host: 'DESKTOP-3EKF22U', ip: '192.168.22.4', os.name: 'Windows 10', os.arch: 'amd64', os.version: '10.0', java.version: '1.8.0_144'
Driver info: org.openqa.selenium.chrome.ChromeDriver
Capabilities [{applicationCacheEnabled=false, rotatable=false, mobileEmulationEnabled=false, networkConnectionEnabled=false, chrome={chromedriverVersion=2.31.488763 (092de99f48a300323ecf8c2a4e2e7cab51de5ba8), userDataDir=C:\Users\JUDYAN~1\AppData\Local\Temp\scoped_dir12240_30387}, takesHeapSnapshot=true, pageLoadStrategy=normal, databaseEnabled=false, handlesAlerts=true, hasTouchScreen=false, version=61.0.3163.100, platform=XP, browserConnectionEnabled=false, nativeEvents=true, acceptSslCerts=true, locationContextEnabled=true, webStorageEnabled=true, browserName=chrome, takesScreenshot=true, javascriptEnabled=true, cssSelectorsEnabled=true, setWindowRect=true, unexpectedAlertBehaviour=}]
Session ID: 6d75008151162e115bb1ecb791af04a5
	at sun.reflect.NativeConstructorAccessorImpl.newInstance0(Native Method)
	at sun.reflect.NativeConstructorAccessorImpl.newInstance(Unknown Source)
	at sun.reflect.DelegatingConstructorAccessorImpl.newInstance(Unknown Source)
	at java.lang.reflect.Constructor.newInstance(Unknown Source)
	at org.openqa.selenium.remote.ErrorHandler.createThrowable(ErrorHandler.java:215)
	at org.openqa.selenium.remote.ErrorHandler.throwIfResponseFailed(ErrorHandler.java:167)
	at org.openqa.selenium.remote.RemoteWebDriver.execute(RemoteWebDriver.java:671)
	at org.openqa.selenium.remote.RemoteWebElement.execute(RemoteWebElement.java:272)
	at org.openqa.selenium.remote.RemoteWebElement.click(RemoteWebElement.java:82)
	at stepDefinitionAskMsaAddMultEmp.TestAskMsaAddMultEmp.supply_all_required_fields_with_valid_values_multiple_times_and_click_Save(TestAskMsaAddMultEmp.java:88)
	at ✽.Then Supply all required fields with valid values multiple times and click Save(AddEmpMult.feature:12)
]]></failure>
</testcase>
</testsuite>
